# timestamp | duration | file | instruction | dir | modtime | etag | size | fileId | status | errorString | http result code | other size | other modtime | X-Request-ID
#=#=#=# Syncrun started 2018-11-12T02:19:20Z
#=#=#=#=# Propagation starts 2018-11-12T02:19:25Z (last step: 5059 msec, total: 5059 msec)
04:23:08||app|INST_NEW|Up|1540971771||4096|00926207ocjinz9fq9x2|4||201|0|0|78460c54-865b-443b-8298-0e8921f35da5|
04:23:08||database|INST_NEW|Up|1541058661||4096|00926208ocjinz9fq9x2|4||201|0|0|65033387-c30b-4e9e-a3be-256edaa7f657|
04:23:09||node_modules|INST_NEW|Up|1536049976||393216|00926209ocjinz9fq9x2|4||201|0|0|448c62a4-5772-4340-a2a8-97ac5b8b373f|
04:23:09||public|INST_NEW|Up|1541058663||4096|00926210ocjinz9fq9x2|4||201|0|0|b37c2b95-7366-45b5-a8be-e9a0ed75df61|
04:23:09||app/Console|INST_NEW|Up|1541058660||0|00926211ocjinz9fq9x2|4||201|0|0|2961b143-631a-49eb-9a46-0c12a1fdb8fe|
04:23:09||app/Events|INST_NEW|Up|1541058660||0|00926212ocjinz9fq9x2|4||201|0|0|a05c1bdf-3a0a-4ea7-8eee-f3a5a6c37f94|
04:23:10||app/Exceptions|INST_NEW|Up|1541058660||0|00926213ocjinz9fq9x2|4||201|0|0|9e5edaa7-9015-44ed-9853-bddbc83c389e|
04:23:10||app/Http|INST_NEW|Up|1541058660||0|00926214ocjinz9fq9x2|4||201|0|0|c71843f7-ec2f-40df-bcc4-adcb25e353b5|
04:23:10||app/Console/Kernel.php|INST_NEW|Up|1541058660|bc7b60490108f2e6efda697f2adaaa96|848|00926215ocjinz9fq9x2|4||201|0|0|8fd6d2f5-ffcd-4bee-8357-1c880cbfa275|
04:23:10||app/Events/Event.php|INST_NEW|Up|1541058660|d95e79c5589f98626a68a9ec3a9b4a9d|834|00926216ocjinz9fq9x2|4||201|0|0|b73d37eb-b7d0-4624-80aa-2bd5d653d447|
04:23:11||app/Events/SpshuaxinEvent.php|INST_NEW|Up|1541058660|c70bcceba66148c26723b831f6de6c6b|843|00926217ocjinz9fq9x2|4||201|0|0|bda9d4c5-f665-4d0c-8991-cf4ade477af8|
04:23:11||app/Exceptions/Handler.php|INST_NEW|Up|1541058660|9f502b243e83f38e60b6a859f556fb82|1686|00926218ocjinz9fq9x2|4||201|0|0|a8bd94f1-5290-49b7-afe1-f02d77ed41e7|
04:23:11||app/Http/Controllers|INST_NEW|Up|1541664359||4096|00926219ocjinz9fq9x2|4||201|0|0|d96a35c4-fddb-489a-b279-ead1af8bac59|
04:23:12||app/Http/Middleware|INST_NEW|Up|1541058660||4096|00926220ocjinz9fq9x2|4||201|0|0|4c8ac810-636b-4203-847f-5ffb982e1381|
04:23:12||app/Http/Kernel.php|INST_NEW|Up|1541058660|8885ba888131cb011b446da16522acfc|2033|00926221ocjinz9fq9x2|4||201|0|0|f8a22f64-e9a9-482b-95ae-71b714cac80d|
04:23:12||app/Listeners|INST_NEW|Up|1541058660||0|00926222ocjinz9fq9x2|4||201|0|0|2ee280db-db8f-4bf1-83e3-9def2fd60523|
04:23:12||app/Http/Controllers/Auth|INST_NEW|Up|1541058660||4096|00926223ocjinz9fq9x2|4||201|0|0|f3a0996f-8abf-4ee4-8952-b5eaec3f5d47|
04:23:13||app/Http/Controllers/Controller.php|INST_NEW|Up|1541058660|3f54ef06693cca8e4e87e2a65fa929be|361|00926224ocjinz9fq9x2|4||201|0|0|5bedeb0c-545e-4fb0-962b-6d009e083b27|
04:23:14||app/Http/Controllers/ReLoadController.php|INST_NEW|Up|1541058660|5f1c48cd0e8ec8e27cb3c514586830e7|1271|00926225ocjinz9fq9x2|4||201|0|0|a2411172-05ff-4cd8-a69b-60d2f0913c06|
04:23:14||app/Http/Controllers/SessionsController.php|INST_NEW|Up|1541752857|10d2c6030ceb14fb7247f529ccec3a15|2003|00926226ocjinz9fq9x2|4||201|0|0|919fff07-a42f-49b9-aa45-5214d51a0991|
04:23:14||app/Http/Controllers/Auth/ForgotPasswordController.php|INST_NEW|Up|1541058660|847c2792aed345ca3528574827921664|834|00926227ocjinz9fq9x2|4||201|0|0|39f098d4-0042-4a57-a6e8-7417b652e5a1|
04:23:15||app/Http/Controllers/Auth/LoginController.php|INST_NEW|Up|1541058660|7f4031efa9846eb16571441e8b098b73|943|00926228ocjinz9fq9x2|4||201|0|0|955e21a8-68f0-48d8-972d-f2888c839fe3|
04:23:15||app/Http/Controllers/Auth/RegisterController.php|INST_NEW|Up|1541058660|54bab9a4bfde65f25f108d68d5a7e56c|1831|00926229ocjinz9fq9x2|4||201|0|0|0b423f29-727c-4d1d-99f2-94e803fb7921|
04:23:15||app/Http/Controllers/Auth/ResetPasswordController.php|INST_NEW|Up|1541058660|35f0d021621456d545cfb34f87663943|952|00926230ocjinz9fq9x2|4||201|0|0|18c873ae-2ad2-4b0b-8322-5a886330e6a9|
04:23:15||app/Http/Controllers/SpController.php|INST_NEW|Up|1541058660|b1e1f9ea602e1b9b54cd8673416ac819|4007|00926231ocjinz9fq9x2|4||201|0|0|c63d1e29-cf9c-48bb-95dc-8c2cb9144d5d|
04:23:16||app/Http/Controllers/StaticPagesController.php|INST_NEW|Up|1541665977|a7dc69f1573bfe7ff57bd978b554f8a6|424|00926232ocjinz9fq9x2|4||201|0|0|a7898a71-bd42-4bf9-bdaa-53eaced73f2f|
04:23:16||app/Http/Controllers/UsersController.php|INST_NEW|Up|1541666274|a716989b50c5120b5a972758db4639ad|6957|00926233ocjinz9fq9x2|4||201|0|0|7aa12b77-2b21-42ad-b9b8-5f45dee4bf1b|
04:23:16||app/Http/Middleware/EncryptCookies.php|INST_NEW|Up|1541058660|f3904a760c5ba36d60e752e115bfb2b4|294|00926234ocjinz9fq9x2|4||201|0|0|fea3c6b0-13a1-4806-bce3-343e9e2711a8|
04:23:16||app/Http/Middleware/RedirectIfAuthenticated.php|INST_NEW|Up|1541058660|136f469e8ade8ad6204f1c08848c1ceb|597|00926235ocjinz9fq9x2|4||201|0|0|3fb8f109-c071-43fa-9e08-a09773ec2bec|
04:23:17||app/Http/Middleware/TrimStrings.php|INST_NEW|Up|1541058660|bd42d22259a996983289f9ba23414442|340|00926236ocjinz9fq9x2|4||201|0|0|4969ecb0-a787-4df1-a437-d98314200aa9|
04:23:17||app/Http/Middleware/TrustProxies.php|INST_NEW|Up|1541058660|2297c3951eb0b35dd50667c4672b8a8a|697|00926237ocjinz9fq9x2|4||201|0|0|5ae2f298-90d2-4d0b-a85c-4994f1b7d271|
04:23:18||app/Http/Middleware/VerifyCsrfToken.php|INST_NEW|Up|1541058660|0b7bafdbe180a9e1f2e5ca7bbd4c3be3|307|00926238ocjinz9fq9x2|4||201|0|0|a9985e0a-3dac-4ebb-8637-616c47e84c03|
04:23:18||app/Listeners/EventListener.php|INST_NEW|Up|1541058660|4108dea6c8b0582d4fa3efe3adddb6e5|461|00926239ocjinz9fq9x2|4||201|0|0|85a47285-34f7-4b40-891a-097c5f04872b|
04:23:19||app/Listeners/SpshuaxinListener.php|INST_NEW|Up|1541058660|e7366ec170b95db81f447ef11366e97b|640|00926240ocjinz9fq9x2|4||201|0|0|607a2012-4e4c-404f-8050-99a5a165f6dc|
04:23:19||app/Models|INST_NEW|Up|1541058660||4096|00926241ocjinz9fq9x2|4||201|0|0|4c837ec9-530b-4fcd-8a0f-d3533f57ed7c|
04:23:19||app/Policies|INST_NEW|Up|1541058660||0|00926242ocjinz9fq9x2|4||201|0|0|1ae59752-bfb1-4c1d-b578-7107e5e91b68|
04:23:19||app/Providers|INST_NEW|Up|1541058660||4096|00926243ocjinz9fq9x2|4||201|0|0|7bbf3938-11e2-4f61-be81-2838eadef7dc|
04:23:20||database/factories|INST_NEW|Up|1541058661||0|00926244ocjinz9fq9x2|4||201|0|0|d66a2ba9-d6a6-40c3-b227-ddd8efe53d43|
04:23:20||app/Models/Article.php|INST_NEW|Up|1541058660|943e83cadecbc31e038eaa61e7a64b42|352|00926245ocjinz9fq9x2|4||201|0|0|83a27ff0-da28-4c7f-87cf-f9065e6df58d|
04:23:20||app/Models/LightState.php|INST_NEW|Up|1541058660|a7e37b2484725c6695ec34b1b106bb41|119|00926246ocjinz9fq9x2|4||201|0|0|3def1893-9006-45a1-93f8-5b18ea1d3aa9|
04:23:20||app/Models/Niubi.php|INST_NEW|Up|1541058660|7689ed790710c72bf32462cd7eff2f8c|108|00926247ocjinz9fq9x2|4||201|0|0|9da79b0d-296e-4c15-92b7-f9cb197f57c9|
04:23:21||app/Models/Serial.php|INST_NEW|Up|1541058660|5a42e91ea10bc027c01d5991ff0a6dd2|181|00926248ocjinz9fq9x2|4||201|0|0|b39dd483-ba10-44cf-b4d2-9eb5a3170f85|
04:23:21||app/Models/Serialdata.php|INST_NEW|Up|1541058660|c2612b0bec35f9c7800eea69e6d410df|132|00926249ocjinz9fq9x2|4||201|0|0|6231e9ef-af99-4ccf-aec0-c3ddee99185d|
04:23:21||app/Models/TemAndHum.php|INST_NEW|Up|1541058660|ff79cefd4efd2515e84b5cf614fa4455|129|00926250ocjinz9fq9x2|4||201|0|0|27e5e15d-75b4-420e-b3cb-4cffdb934dc7|
04:23:21||app/Models/User.php|INST_NEW|Up|1541058660|a2ddb5fcb5c07877fa3bdf3162cd839c|1567|00926251ocjinz9fq9x2|4||201|0|0|02b56204-5ffb-4a69-aa64-1a008422f721|
04:23:22||app/Policies/UserPolicy.php|INST_NEW|Up|1541058660|d90618ee5413efa39a3caf8b6a4a378f|941|00926252ocjinz9fq9x2|4||201|0|0|ec67b4bd-fdff-4d12-b205-da481a21bfea|
04:23:22||app/Providers/AppServiceProvider.php|INST_NEW|Up|1541058660|c8e481bc80cf9eefb86a7ca50ba8b538|403|00926253ocjinz9fq9x2|4||201|0|0|47bc4c27-a263-4b2f-86d7-cb1052ccbcdd|
04:23:23||app/Providers/AuthServiceProvider.php|INST_NEW|Up|1541058660|33479909606f16f6f6e26d5c1c2e250a|903|00926254ocjinz9fq9x2|4||201|0|0|9d1903da-5bbd-4419-acff-a321545763c7|
04:23:23||app/Providers/BroadcastServiceProvider.php|INST_NEW|Up|1541058660|7618c4cab1c2898cea8034d7b461237e|380|00926255ocjinz9fq9x2|4||201|0|0|2dfeb406-fc06-47e5-a943-97306d5e7002|
04:23:23||app/Providers/EventServiceProvider.php|INST_NEW|Up|1541058660|f870f6daf5987ec6714e05b70e9d544c|695|00926256ocjinz9fq9x2|4||201|0|0|fc1b0065-d59d-4ecc-a0ba-93cb9d0c41ee|
04:23:24||app/Providers/RouteServiceProvider.php|INST_NEW|Up|1541058660|c16c79f79cee7853220e34eb03cbb5b9|1529|00926257ocjinz9fq9x2|4||201|0|0|d300f22c-edf6-4713-beae-ced924913298|
04:23:24||database/factories/UserFactory.php|INST_NEW|Up|1541058661|3ad71844da90f40cfb92363ea07d5076|1488|00926258ocjinz9fq9x2|4||201|0|0|80a69235-9b2a-4ec6-b63b-74d401ca7171|
04:23:25||database/migrations|INST_NEW|Up|1541058661||4096|00926259ocjinz9fq9x2|4||201|0|0|3b0bfd93-9688-48c3-9d2e-acc1af7e2b82|
04:23:25||database/seeds|INST_NEW|Up|1541058661||0|00926260ocjinz9fq9x2|4||201|0|0|f7946d5a-2904-435e-a65e-16664a8b9f83|
04:23:25||node_modules/abbrev|INST_NEW|Up|1536049780||0|00926261ocjinz9fq9x2|4||201|0|0|27a9ca9b-6301-4124-bcdf-09aecffeb396|
04:23:26||node_modules/accepts|INST_NEW|Up|1536049780||0|00926262ocjinz9fq9x2|4||201|0|0|0481b29c-ad51-4339-8596-141cffc3c7f0|
04:23:26||database/migrations/2014_10_12_000000_create_users_table.php|INST_NEW|Up|1541058661|2b41564e1bab3d3aa9ca1f9126607a0c|1845|00926263ocjinz9fq9x2|4||201|0|0|98d56063-399b-4d05-88bf-d2398bb15ec8|
04:23:26||database/migrations/2014_10_12_100000_create_password_resets_table.php|INST_NEW|Up|1541058661|9d8e18e84df3f687ddc2cc206210ba5d|683|00926264ocjinz9fq9x2|4||201|0|0|3a706e0b-37ed-4b9f-8d28-1616b9929d96|
04:23:27||database/migrations/2018_08_20_080507_create_articles_table.php|INST_NEW|Up|1541058661|08477671b4d20976a8a64f9d3613c49a|663|00926265ocjinz9fq9x2|4||201|0|0|909c1b33-f1ec-4170-8e48-b09522845af2|
04:23:27||database/migrations/2018_08_23_214114_create_serials_table.php|INST_NEW|Up|1541058661|b487bde0b5285613e95471c9d6c5f824|664|00926266ocjinz9fq9x2|4||201|0|0|a08f49db-6999-4348-9b05-a580daae1e91|
04:23:27||database/migrations/2018_09_13_021824_create_serialdatas_table.php|INST_NEW|Up|1541058661|53ff4a3ae392a54aa682894875d25acc|633|00926267ocjinz9fq9x2|4||201|0|0|2351b975-1716-4a10-b7c8-029d43185295|
04:23:28||database/migrations/2018_09_13_021856_create_tem_and_hums_table.php|INST_NEW|Up|1541058661|3064b30c59886a051b5ecd98aa07a3be|641|00926268ocjinz9fq9x2|4||201|0|0|a8c9ba41-7349-45a4-a563-6be3a9f6622b|
04:23:29||database/migrations/2018_10_22_070924_create_light_states_table.php|INST_NEW|Up|1541058661|8563a3ba175ae5d53a41b6d5ce228c12|571|00926269ocjinz9fq9x2|4||201|0|0|e9e0e13f-5506-4f46-b265-b671f8667f44|
04:23:29||database/migrations/2018_10_30_022856_add_is_admin_to_users_table.php|INST_NEW|Up|1541058661|948eff9bdd0d11392da6b3fe5a72e001|654|00926270ocjinz9fq9x2|4||201|0|0|37dcf402-3e9a-4ae1-8453-b87c2535bb78|
04:23:30||database/migrations/2018_10_30_090502_create_niubis_table.php|INST_NEW|Up|1541058661|a4df32200648e04516453dca40421014|589|00926271ocjinz9fq9x2|4||201|0|0|5b50cc3c-adb3-48e2-9bd6-fba9099988aa|
04:23:30||database/migrations/2018_10_30_090546_create_niubis_table.php|INST_NEW|Up|1541058661|8dc171983cfefd6ab51e11b418d53492|589|00926272ocjinz9fq9x2|4||201|0|0|ccf60e91-fb14-45aa-855d-6c05413db074|
04:23:31||database/seeds/DatabaseSeeder.php|INST_NEW|Up|1541058661|1710c8ec829d507f3a3913a5d5d8e963|500|00926273ocjinz9fq9x2|4||201|0|0|2cc44133-78d9-4c5a-87ff-4b43a1eb8e20|
04:23:31||database/seeds/UsersTableSeeder.php|INST_NEW|Up|1541058661|877deee07db17a23c375e087883db1b1|1201|00926274ocjinz9fq9x2|4||201|0|0|f77eb1a9-dd14-43b4-b9a0-1ab271ad42fe|
04:23:31||node_modules/abbrev/LICENSE|INST_NEW|Up|1506566796|9171d0b652a65e962b4c49049428d28b|2011|00926275ocjinz9fq9x2|4||201|0|0|a156fd31-471a-42ac-87af-c2a7ddd2337a|
04:23:31||node_modules/abbrev/README.md|INST_NEW|Up|1286218346|678a4afae8575d48b5e71a1b93b1bb0a|499|00926276ocjinz9fq9x2|4||201|0|0|e1e60a73-84c1-45b0-ba4d-a41a8448d960|
04:23:32||node_modules/abbrev/abbrev.js|INST_NEW|Up|1487053799|60ffad93922d7ffd9b759dac5ec5b45f|1763|00926277ocjinz9fq9x2|4||201|0|0|5dc3b16c-d3d5-4631-8a4c-eb1ea81b9b80|
04:23:32||node_modules/abbrev/package.json|INST_NEW|Up|1506566829|8b8bd5ea65b0daa84eb1873288703dac|509|00926278ocjinz9fq9x2|4||201|0|0|38bf497b-e024-44f6-a05b-f6b2b83ece67|
04:23:32||node_modules/accepts/HISTORY.md|INST_NEW|Up|1519866840|f9aead7fdaab7bacba2bc94af84df4b3|4736|00926279ocjinz9fq9x2|4||201|0|0|37971e51-ec83-44a5-92df-737e4f969a51|
04:23:32||node_modules/accepts/LICENSE|INST_NEW|Up|1491016874|1a4052ffff6993945ad9ec965fd559b7|1167|00926280ocjinz9fq9x2|4||201|0|0|7cd075ad-98ca-4dd7-93c8-c04bf9afde6c|
04:23:33||node_modules/accepts/README.md|INST_NEW|Up|1491021455|14c818e265a890ba9be1115ca18c109e|4130|00926281ocjinz9fq9x2|4||201|0|0|f0837e86-5e79-4a6c-9c85-634f15d378fd|
04:23:33||node_modules/accepts/index.js|INST_NEW|Up|1491020836|5cfde1e5b62f173484fbc40defbe9d9b|5252|00926282ocjinz9fq9x2|4||201|0|0|35d6b652-9160-4337-900d-58859c4a6f84|
04:23:34||node_modules/accepts/package.json|INST_NEW|Up|1519866844|871b0f34ce4b7b711c7a5fdc626a4869|1270|00926283ocjinz9fq9x2|4||201|0|0|fe5093aa-3f77-42d8-b0dc-69745bb954fa|
04:23:35||node_modules/acorn|INST_NEW|Up|1536049781||4096|00926284ocjinz9fq9x2|4||201|0|0|2253a4ba-654c-48eb-b2b8-df1d4a84b014|
04:23:35||node_modules/acorn-dynamic-import|INST_NEW|Up|1536049782||4096|00926285ocjinz9fq9x2|4||201|0|0|52ba07b5-d5bd-4297-b33b-7852237ae266|
04:23:35||node_modules/adjust-sourcemap-loader|INST_NEW|Up|1536049782||4096|00926286ocjinz9fq9x2|4||201|0|0|4aa1ce9c-6573-45e8-96bb-50ea8b43a567|
04:23:36||node_modules/ajv|INST_NEW|Up|1536049780||4096|00926287ocjinz9fq9x2|4||201|0|0|255c3311-a4de-4556-9be7-de6736dd2ad5|
04:23:36||node_modules/acorn/bin|INST_NEW|Up|1536049818||0|00926288ocjinz9fq9x2|4||201|0|0|8dd03cdf-2beb-4bde-965f-1e2de3ac1312|
04:23:37||node_modules/acorn/dist|INST_NEW|Up|1536049818||4096|00926289ocjinz9fq9x2|4||201|0|0|2e97b75a-101c-4dfc-9e87-6219c0642098|
04:23:37||node_modules/acorn/AUTHORS|INST_NEW|Up|499162500|19fe8ef8f615a660a81aa4715bf5074c|1063|00926290ocjinz9fq9x2|4||201|0|0|eddb002e-c4cf-45ba-8ce7-7bd235d3a481|
04:23:38||node_modules/acorn/CHANGELOG.md|INST_NEW|Up|499162500|6c5f0d4eb9b369de1cfe1e5b2c015265|11096|00926291ocjinz9fq9x2|4||201|0|0|83222530-8ce0-429b-a4ac-df48f02c78e3|
04:23:38||node_modules/acorn/bin/_acorn.js|INST_NEW|Up|499162500|da8cdb6fff4dbfbc5005251fcc1adc45|2208|00926292ocjinz9fq9x2|4||201|0|0|f5744935-66b4-48db-94fc-3c183c63ee7b|
04:23:39||node_modules/acorn/bin/acorn|INST_NEW|Up|499162500|82bd7e0b5bbfc5c54bfb0a656fedbe9e|59|00926293ocjinz9fq9x2|4||201|0|0|400785ce-b101-48e1-a8c3-b6c26eac8ecf|
04:23:39||node_modules/acorn/bin/run_test262.js|INST_NEW|Up|499162500|f654ba3894d686aa944f47c63b0aea8d|645|00926294ocjinz9fq9x2|4||201|0|0|6bae333d-237b-4ae2-9027-fbebf0a68dd9|
04:23:39||node_modules/acorn/bin/test262.whitelist|INST_NEW|Up|499162500|7fd9da47d6a7e13b7951e8b45c30edf2|40653|00926295ocjinz9fq9x2|4||201|0|0|fc5c1928-32ca-469d-84c9-32053956992b|
04:23:40||node_modules/acorn/dist/acorn.es.js|INST_NEW|Up|499162500|19a6b6870875ab69bf25e462ae51d7f4|178681|00926296ocjinz9fq9x2|4||201|0|0|22b40ed7-3121-43cf-87c1-a5c26689332c|
04:23:40||node_modules/acorn/dist/acorn.js|INST_NEW|Up|499162500|f3000252ae4cea138df80f901b95b7fa|179412|00926297ocjinz9fq9x2|4||201|0|0|1c7da993-f424-49c6-91e4-285deeacf8c1|
04:23:40||node_modules/acorn/dist/acorn_loose.es.js|INST_NEW|Up|499162500|7c89e492a2cb1b6ca5754000c448e047|47836|00926298ocjinz9fq9x2|4||201|0|0|389efc03-fcc0-4aed-bb41-c86c71a8ec2d|
04:23:40||node_modules/acorn/dist/acorn_loose.js|INST_NEW|Up|499162500|bd8d69b17cd09c59de79518cecddbb46|49813|00926299ocjinz9fq9x2|4||201|0|0|09f0443a-c432-4043-a7cf-ac6edb8dc64b|
04:23:41||node_modules/acorn/dist/walk.js|INST_NEW|Up|499162500|8f7221430b4e492110fc393bf012d95e|14926|00926300ocjinz9fq9x2|4||201|0|0|1f269825-0525-4e98-a1e0-0ee124ba7669|
04:23:41||node_modules/acorn/dist/walk.es.js|INST_NEW|Up|499162500|c08e748be79638ba628a62fb5fe40a64|14339|00926301ocjinz9fq9x2|4||201|0|0|be3271da-7bb0-4a75-8a75-a126d87c5957|
04:23:42||node_modules/acorn/LICENSE|INST_NEW|Up|499162500|81cb513620b5604227dd9a987fdd5036|1086|00926302ocjinz9fq9x2|4||201|0|0|1703fde0-a361-4ff4-b3cd-545ec6e93f57|
04:23:42||node_modules/acorn/README.md|INST_NEW|Up|499162500|0bb2603839088908551150d0e2cba482|20094|00926303ocjinz9fq9x2|4||201|0|0|7ab7d0d0-925b-45e2-ac76-4e3c38b7aff1|
04:23:42||node_modules/acorn/package.json|INST_NEW|Up|499162500|2dc033c4ec21d3b4b0f445497cad8aa8|1764|00926304ocjinz9fq9x2|4||201|0|0|1d075719-9d4c-48a1-a1c7-4f4a03414f7b|
04:23:42||node_modules/acorn-dynamic-import/lib|INST_NEW|Up|1536049819||0|00926305ocjinz9fq9x2|4||201|0|0|67c00daa-1b22-40c4-aa62-f100d661b4eb|
